0 info it worked if it ends with ok
1 verbose cli [ '/usr/local/bin/node', '/usr/local/bin/npm', 'run', 'lite' ]
2 info using npm@3.6.0
3 info using node@v5.6.0
4 verbose run-script [ 'prelite', 'lite', 'postlite' ]
5 info lifecycle angular-2@1.0.0~prelite: angular-2@1.0.0
6 silly lifecycle angular-2@1.0.0~prelite: no script for prelite, continuing
7 info lifecycle angular-2@1.0.0~lite: angular-2@1.0.0
8 verbose lifecycle angular-2@1.0.0~lite: unsafe-perm in lifecycle true
9 verbose lifecycle angular-2@1.0.0~lite: PATH: /usr/local/lib/node_modules/npm/bin/node-gyp-bin:/home/knoldus/Desktop/anubhav/angular2.0/angular2/node_modules/.bin:/usr/local/lib/node_modules/npm/bin/node-gyp-bin:/home/knoldus/Desktop/anubhav/angular2.0/angular2/node_modules/.bin:/u01/app/oracle/product/11.2.0/xe/bin:/home/knoldus/Desktop/apache-maven-3.3.9/bin:/home/knoldus/huawei5/SPARK_PLSQL/spark-1.5.2/bin:/usr/local/heroku/bin:/home/knoldus/Downloads/activator-1.3.7-minimal:/mysql-connector-java-5.1.38/:/home/knoldus/sbt/bin:/usr/local/sbin:/usr/local/bin:/usr/sbin:/usr/bin:/sbin:/bin:/usr/games:/usr/local/games
10 verbose lifecycle angular-2@1.0.0~lite: CWD: /home/knoldus/Desktop/anubhav/angular2.0/angular2
11 silly lifecycle angular-2@1.0.0~lite: Args: [ '-c', 'lite-server' ]
12 silly lifecycle angular-2@1.0.0~lite: Returned: code: 134  signal: null
13 info lifecycle angular-2@1.0.0~lite: Failed to exec lite script
14 verbose stack Error: angular-2@1.0.0 lite: `lite-server`
14 verbose stack Exit status 134
14 verbose stack     at EventEmitter.<anonymous> (/usr/local/lib/node_modules/npm/lib/utils/lifecycle.js:232:16)
14 verbose stack     at emitTwo (events.js:100:13)
14 verbose stack     at EventEmitter.emit (events.js:185:7)
14 verbose stack     at ChildProcess.<anonymous> (/usr/local/lib/node_modules/npm/lib/utils/spawn.js:24:14)
14 verbose stack     at emitTwo (events.js:100:13)
14 verbose stack     at ChildProcess.emit (events.js:185:7)
14 verbose stack     at maybeClose (internal/child_process.js:827:16)
14 verbose stack     at Process.ChildProcess._handle.onexit (internal/child_process.js:211:5)
15 verbose pkgid angular-2@1.0.0
16 verbose cwd /home/knoldus/Desktop/anubhav/angular2.0/angular2
17 error Linux 3.19.0-58-generic
18 error argv "/usr/local/bin/node" "/usr/local/bin/npm" "run" "lite"
19 error node v5.6.0
20 error npm  v3.6.0
21 error code ELIFECYCLE
22 error angular-2@1.0.0 lite: `lite-server`
22 error Exit status 134
23 error Failed at the angular-2@1.0.0 lite script 'lite-server'.
23 error Make sure you have the latest version of node.js and npm installed.
23 error If you do, this is most likely a problem with the angular-2 package,
23 error not with npm itself.
23 error Tell the author that this fails on your system:
23 error     lite-server
23 error You can get information on how to open an issue for this project with:
23 error     npm bugs angular-2
23 error Or if that isn't available, you can get their info via:
23 error     npm owner ls angular-2
23 error There is likely additional logging output above.
24 verbose exit [ 1, true ]
